# JRE version: OpenJDK Runtime Environment Homebrew (17.0.15) (build 17.0.15+0)
# Java VM: OpenJDK 64-Bit Server VM Homebrew (17.0.15+0, mixed mode, emulated-client, sharing, tiered, compressed oops, compressed class ptrs, g1 gc, bsd-amd64)
Heap:
 garbage-first heap   total 319488K, used 140168K [0x0000000600000000, 0x0000000800000000)
  region size 4096K, 27 young (110592K), 1 survivors (4096K)
 Metaspace       used 69337K, committed 69952K, reserved 1114112K
  class space    used 10055K, committed 10368K, reserved 1048576K
GC Heap History (20 events):
Event: 2.718 GC heap before
{Heap before GC invocations=10 (full 0):
 garbage-first heap   total 110592K, used 30278K [0x0000000600000000, 0x0000000800000000)
  region size 4096K, 3 young (12288K), 2 survivors (8192K)
 Metaspace       used 48467K, committed 49024K, reserved 1114112K
  class space    used 6930K, committed 7168K, reserved 1048576K
}
Event: 2.723 GC heap after
{Heap after GC invocations=11 (full 0):
 garbage-first heap   total 110592K, used 27330K [0x0000000600000000, 0x0000000800000000)
  region size 4096K, 1 young (4096K), 1 survivors (4096K)
 Metaspace       used 48467K, committed 49024K, reserved 1114112K
  class space    used 6930K, committed 7168K, reserved 1048576K
}
Event: 3.086 GC heap before
{Heap before GC invocations=11 (full 0):
 garbage-first heap   total 110592K, used 76482K [0x0000000600000000, 0x0000000800000000)
  region size 4096K, 13 young (53248K), 1 survivors (4096K)
 Metaspace       used 54799K, committed 55296K, reserved 1114112K
  class space    used 7969K, committed 8192K, reserved 1048576K
}
Event: 3.088 GC heap after
{Heap after GC invocations=12 (full 0):
 garbage-first heap   total 110592K, used 28646K [0x0000000600000000, 0x0000000800000000)
  region size 4096K, 1 young (4096K), 1 survivors (4096K)
 Metaspace       used 54799K, committed 55296K, reserved 1114112K
  class space    used 7969K, committed 8192K, reserved 1048576K
}
Event: 3.425 GC heap before
{Heap before GC invocations=12 (full 0):
 garbage-first heap   total 110592K, used 77798K [0x0000000600000000, 0x0000000800000000)
  region size 4096K, 13 young (53248K), 1 survivors (4096K)
 Metaspace       used 58726K, committed 59264K, reserved 1114112K
  class space    used 8499K, committed 8768K, reserved 1048576K
}
Event: 3.428 GC heap after
{Heap after GC invocations=13 (full 0):
 garbage-first heap   total 110592K, used 31575K [0x0000000600000000, 0x0000000800000000)
  region size 4096K, 2 young (8192K), 2 survivors (8192K)
 Metaspace       used 58726K, committed 59264K, reserved 1114112K
  class space    used 8499K, committed 8768K, reserved 1048576K
}
Event: 3.550 GC heap before
{Heap before GC invocations=13 (full 0):
 garbage-first heap   total 110592K, used 43863K [0x0000000600000000, 0x0000000800000000)
  region size 4096K, 6 young (24576K), 2 survivors (8192K)
 Metaspace       used 59932K, committed 60480K, reserved 1114112K
  class space    used 8670K, committed 8960K, reserved 1048576K
}
Event: 3.553 GC heap after
{Heap after GC invocations=14 (full 0):
 garbage-first heap   total 110592K, used 32252K [0x0000000600000000, 0x0000000800000000)
  region size 4096K, 1 young (4096K), 1 survivors (4096K)
 Metaspace       used 59932K, committed 60480K, reserved 1114112K
  class space    used 8670K, committed 8960K, reserved 1048576K
}
Event: 6.607 GC heap before
{Heap before GC invocations=15 (full 0):
 garbage-first heap   total 110592K, used 77308K [0x0000000600000000, 0x0000000800000000)
  region size 4096K, 13 young (53248K), 1 survivors (4096K)
 Metaspace       used 66254K, committed 66816K, reserved 1114112K
  class space    used 9624K, committed 9856K, reserved 1048576K
}
Event: 6.612 GC heap after
{Heap after GC invocations=16 (full 0):
 garbage-first heap   total 110592K, used 35045K [0x0000000600000000, 0x0000000800000000)
  region size 4096K, 2 young (8192K), 2 survivors (8192K)
 Metaspace       used 66254K, committed 66816K, reserved 1114112K
  class space    used 9624K, committed 9856K, reserved 1048576K
}
Event: 6.662 GC heap before
{Heap before GC invocations=16 (full 0):
 garbage-first heap   total 110592K, used 35045K [0x0000000600000000, 0x0000000800000000)
  region size 4096K, 3 young (12288K), 2 survivors (8192K)
 Metaspace       used 67065K, committed 67648K, reserved 1114112K
  class space    used 9728K, committed 9984K, reserved 1048576K
}
Event: 6.667 GC heap after
{Heap after GC invocations=17 (full 0):
 garbage-first heap   total 110592K, used 35056K [0x0000000600000000, 0x0000000800000000)
  region size 4096K, 1 young (4096K), 1 survivors (4096K)
 Metaspace       used 67065K, committed 67648K, reserved 1114112K
  class space    used 9728K, committed 9984K, reserved 1048576K
}
Event: 6519.540 GC heap before
{Heap before GC invocations=17 (full 0):
 garbage-first heap   total 110592K, used 76016K [0x0000000600000000, 0x0000000800000000)
  region size 4096K, 11 young (45056K), 1 survivors (4096K)
 Metaspace       used 68646K, committed 69248K, reserved 1114112K
  class space    used 9947K, committed 10240K, reserved 1048576K
}
Event: 6519.604 GC heap after
{Heap after GC invocations=18 (full 0):
 garbage-first heap   total 319488K, used 34860K [0x0000000600000000, 0x0000000800000000)
  region size 4096K, 1 young (4096K), 1 survivors (4096K)
 Metaspace       used 68646K, committed 69248K, reserved 1114112K
  class space    used 9947K, committed 10240K, reserved 1048576K
}
Event: 32147.286 GC heap before
{Heap before GC invocations=18 (full 0):
 garbage-first heap   total 319488K, used 219180K [0x0000000600000000, 0x0000000800000000)
  region size 4096K, 46 young (188416K), 1 survivors (4096K)
 Metaspace       used 68659K, committed 69248K, reserved 1114112K
  class space    used 9950K, committed 10240K, reserved 1048576K
}
Event: 32147.289 GC heap after
{Heap after GC invocations=19 (full 0):
 garbage-first heap   total 319488K, used 34817K [0x0000000600000000, 0x0000000800000000)
  region size 4096K, 1 young (4096K), 1 survivors (4096K)
 Metaspace       used 68659K, committed 69248K, reserved 1114112K
  class space    used 9950K, committed 10240K, reserved 1048576K
}
Event: 57791.521 GC heap before
{Heap before GC invocations=19 (full 0):
 garbage-first heap   total 319488K, used 219137K [0x0000000600000000, 0x0000000800000000)
  region size 4096K, 46 young (188416K), 1 survivors (4096K)
 Metaspace       used 68659K, committed 69248K, reserved 1114112K
  class space    used 9950K, committed 10240K, reserved 1048576K
}
Event: 57791.525 GC heap after
{Heap after GC invocations=20 (full 0):
 garbage-first heap   total 319488K, used 34737K [0x0000000600000000, 0x0000000800000000)
  region size 4096K, 1 young (4096K), 1 survivors (4096K)
 Metaspace       used 68659K, committed 69248K, reserved 1114112K
  class space    used 9950K, committed 10240K, reserved 1048576K
}
Event: 83122.584 GC heap before
{Heap before GC invocations=20 (full 0):
 garbage-first heap   total 319488K, used 219057K [0x0000000600000000, 0x0000000800000000)
  region size 4096K, 46 young (188416K), 1 survivors (4096K)
 Metaspace       used 68659K, committed 69248K, reserved 1114112K
  class space    used 9950K, committed 10240K, reserved 1048576K
}
Event: 83122.606 GC heap after
{Heap after GC invocations=21 (full 0):
 garbage-first heap   total 319488K, used 34761K [0x0000000600000000, 0x0000000800000000)
  region size 4096K, 1 young (4096K), 1 survivors (4096K)
 Metaspace       used 68659K, committed 69248K, reserved 1114112K
  class space    used 9950K, committed 10240K, reserved 1048576K
}

